c:\users\junhy\source\cpp_directx\directxgame\engine\x64\debug\engine.pch
c:\users\junhy\source\cpp_directx\directxgame\engine\x64\debug\engine.pdb
c:\users\junhy\source\cpp_directx\directxgame\engine\x64\debug\engine.idb
c:\users\junhy\source\cpp_directx\directxgame\engine\x64\debug\pch.obj
c:\users\junhy\source\cpp_directx\directxgame\engine\x64\debug\timer.obj
c:\users\junhy\source\cpp_directx\directxgame\engine\x64\debug\texture.obj
c:\users\junhy\source\cpp_directx\directxgame\engine\x64\debug\tabledescriptorheap.obj
c:\users\junhy\source\cpp_directx\directxgame\engine\x64\debug\swapchain.obj
c:\users\junhy\source\cpp_directx\directxgame\engine\x64\debug\shader.obj
c:\users\junhy\source\cpp_directx\directxgame\engine\x64\debug\rootsignature.obj
c:\users\junhy\source\cpp_directx\directxgame\engine\x64\debug\mesh.obj
c:\users\junhy\source\cpp_directx\directxgame\engine\x64\debug\material.obj
c:\users\junhy\source\cpp_directx\directxgame\engine\x64\debug\input.obj
c:\users\junhy\source\cpp_directx\directxgame\engine\x64\debug\enginepch.obj
c:\users\junhy\source\cpp_directx\directxgame\engine\x64\debug\engine.obj
c:\users\junhy\source\cpp_directx\directxgame\engine\x64\debug\device.obj
c:\users\junhy\source\cpp_directx\directxgame\engine\x64\debug\depthstencilbuffer.obj
c:\users\junhy\source\cpp_directx\directxgame\engine\x64\debug\constantbuffer.obj
c:\users\junhy\source\cpp_directx\directxgame\engine\x64\debug\commandqueue.obj
c:\users\junhy\source\cpp_directx\directxgame\output\engine.lib
c:\users\junhy\source\cpp_directx\directxgame\engine\..\output\engine.lib
c:\users\junhy\source\cpp_directx\directxgame\engine\x64\debug\engine.tlog\cl.command.1.tlog
c:\users\junhy\source\cpp_directx\directxgame\engine\x64\debug\engine.tlog\cl.read.1.tlog
c:\users\junhy\source\cpp_directx\directxgame\engine\x64\debug\engine.tlog\cl.write.1.tlog
c:\users\junhy\source\cpp_directx\directxgame\engine\x64\debug\engine.tlog\lib-link.read.1.tlog
c:\users\junhy\source\cpp_directx\directxgame\engine\x64\debug\engine.tlog\lib-link.write.1.tlog
c:\users\junhy\source\cpp_directx\directxgame\engine\x64\debug\engine.tlog\lib.command.1.tlog
